Build started 2016-05-06 3:31:28 PM.
     1>Project "C:\Users\803 7496\Documents\Visual Studio 2013\Projects\FacadeDesignPatternAssignment\FacadeDesignPatternAssignment\FacadeDesignPatternAssignment.vcxproj" on node 2 (Build target(s)).
     1>ClCompile:
         C:\Program Files (x86)\Microsoft Visual Studio 12.0\VC\bin\CL.exe /c /ZI /nologo /W3 /WX- /sdl /Od /Oy- /D _MBCS /Gm /EHsc /RTC1 /MDd /GS /fp:precise /Zc:wchar_t /Zc:forScope /Fo"Debug\\" /Fd"Debug\vc120.pdb" /Gd /TP /analyze- /errorReport:prompt PaymentSystem.cpp driver.cpp
         PaymentSystem.cpp
     1>c:\users\803 7496\documents\visual studio 2013\projects\facadedesignpatternassignment\facadedesignpatternassignment\commissionworker.h(14): warning C4244: 'return' : conversion from 'double' to 'int', possible loss of data
     1>c:\users\803 7496\documents\visual studio 2013\projects\facadedesignpatternassignment\facadedesignpatternassignment\hourlyworker.h(20): warning C4244: 'return' : conversion from 'double' to 'int', possible loss of data
     1>c:\users\803 7496\documents\visual studio 2013\projects\facadedesignpatternassignment\facadedesignpatternassignment\paymentsystem.cpp(12): warning C4018: '<' : signed/unsigned mismatch
     1>c:\users\803 7496\documents\visual studio 2013\projects\facadedesignpatternassignment\facadedesignpatternassignment\paymentsystem.cpp(111): warning C4018: '<' : signed/unsigned mismatch
         Generating Code...
         Compiling...
         driver.cpp
     1>c:\users\803 7496\documents\visual studio 2013\projects\facadedesignpatternassignment\facadedesignpatternassignment\commissionworker.h(14): warning C4244: 'return' : conversion from 'double' to 'int', possible loss of data
     1>c:\users\803 7496\documents\visual studio 2013\projects\facadedesignpatternassignment\facadedesignpatternassignment\hourlyworker.h(20): warning C4244: 'return' : conversion from 'double' to 'int', possible loss of data
         Generating Code...
       Link:
         C:\Program Files (x86)\Microsoft Visual Studio 12.0\VC\bin\link.exe /ERRORREPORT:PROMPT /OUT:"C:\Users\803 7496\Documents\Visual Studio 2013\Projects\FacadeDesignPatternAssignment\Debug\FacadeDesignPatternAssignment.exe" /INCREMENTAL /NOLOGO kernel32.lib user32.lib gdi32.lib winspool.lib comdlg32.lib advapi32.lib shell32.lib ole32.lib oleaut32.lib uuid.lib odbc32.lib odbccp32.lib /MANIFEST /MANIFESTUAC:"level='asInvoker' uiAccess='false'" /manifest:embed /DEBUG /PDB:"C:\Users\803 7496\Documents\Visual Studio 2013\Projects\FacadeDesignPatternAssignment\Debug\FacadeDesignPatternAssignment.pdb" /TLBID:1 /DYNAMICBASE /NXCOMPAT /IMPLIB:"C:\Users\803 7496\Documents\Visual Studio 2013\Projects\FacadeDesignPatternAssignment\Debug\FacadeDesignPatternAssignment.lib" /MACHINE:X86 Debug\driver.obj
         Debug\PaymentSystem.obj
         FacadeDesignPatternAssignment.vcxproj -> C:\Users\803 7496\Documents\Visual Studio 2013\Projects\FacadeDesignPatternAssignment\Debug\FacadeDesignPatternAssignment.exe
     1>Done Building Project "C:\Users\803 7496\Documents\Visual Studio 2013\Projects\FacadeDesignPatternAssignment\FacadeDesignPatternAssignment\FacadeDesignPatternAssignment.vcxproj" (Build target(s)).

Build succeeded.

Time Elapsed 00:00:01.33
